{
  "0 debug pnpm:scope": {
    "selected": 1
  },
  "1 error pnpm": {
    "message": {
      "errno": 1,
      "code": "ELIFECYCLE",
      "pkgid": "ember-template-lint@2.6.0",
      "stage": "test",
      "script": "npm-run-all lint:* test:*",
      "pkgname": "ember-template-lint"
    },
    "err": {
      "name": "Error",
      "message": "ember-template-lint@2.6.0 test: `npm-run-all lint:* test:*`\nExit status 1",
      "code": "ELIFECYCLE",
      "stack": "Error: ember-template-lint@2.6.0 test: `npm-run-all lint:* test:*`\nExit status 1\n    at EventEmitter.proc.on (/Users/user/.nvm/versions/node/v10.15.0/lib/node_modules/pnpm/lib/node_modules/@zkochan/npm-lifecycle/index.js:302:16)\n    at EventEmitter.emit (events.js:182:13)\n    at ChildProcess.<anonymous> (/Users/user/.nvm/versions/node/v10.15.0/lib/node_modules/pnpm/lib/node_modules/@zkochan/npm-lifecycle/lib/spawn.js:55:14)\n    at ChildProcess.emit (events.js:182:13)\n    at maybeClose (internal/child_process.js:962:16)\n    at Process.ChildProcess._handle.onexit (internal/child_process.js:251:5)"
    }
  }
}